<?xml version="1.0" encoding="UTF-8"?>
<!-- Generated by org.testng.reporters.JUnitXMLReporter -->
<testsuite ignored="0" hostname="Shovons-MBP.lan" failures="1" tests="2" name="Nopackage" time="110.536" errors="0" timestamp="10 Mar 2024 20:37:53 GMT">
  <testcase classname="io.cucumber.testng.AbstractTestNGCucumberTests" name="runScenario" time="51.357"/>
  <testcase classname="io.cucumber.testng.AbstractTestNGCucumberTests" name="runScenario" time="58.785">
    <failure type="java.lang.AssertionError" message="expected [true] but found [false]">
      <![CDATA[java.lang.AssertionError: expected [true] but found [false]
at steps.searchProduct.i_can_see_the_result_successfully(searchProduct.java:50)
at âœ½.i can see the result successfully(file:///Users/ogshovon/eclipse-workspace/com.google.searchProductsProject/Features/searchProduct.feature:11)
... Removed 4 stack frames]]>
    </failure>
  </testcase> <!-- runScenario -->
</testsuite> <!-- Nopackage -->
