<?xml version="1.0" encoding="UTF-8"?>
<!-- Generated by org.testng.reporters.JUnitReportReporter -->
<testsuite hostname="Shovons-MBP.lan" failures="1" tests="2" name="runner.testRunner" time="110.142" errors="0" timestamp="10 Mar 2024 20:37:53 GMT" skipped="0">
  <testcase classname="runner.testRunner" name="runScenario" time="51.357"/>
  <testcase classname="runner.testRunner" name="runScenario" time="58.785">
    <failure message="expected [true] but found [false]" type="java.lang.AssertionError">
      <![CDATA[java.lang.AssertionError: expected [true] but found [false]
at org.testng.Assert.fail(Assert.java:96)
at org.testng.Assert.failNotEquals(Assert.java:776)
at org.testng.Assert.assertTrue(Assert.java:44)
at org.testng.Assert.assertTrue(Assert.java:54)
at steps.searchProduct.i_can_see_the_result_successfully(searchProduct.java:50)
at âœ½.i can see the result successfully(file:///Users/ogshovon/eclipse-workspace/com.google.searchProductsProject/Features/searchProduct.feature:11)
]]>
    </failure>
  </testcase> <!-- runScenario -->
</testsuite> <!-- runner.testRunner -->
